<?xml version="1.0" encoding="UTF-8"?>
<testsuite xmlns:xsi="http://www.w3.org/2001/XMLSchema-instance" xsi:noNamespaceSchemaLocation="https://maven.apache.org/surefire/maven-surefire-plugin/xsd/surefire-test-report.xsd" name="com.JUnitTesting.MathUtilsTest" time="0.354" tests="8" errors="0" skipped="2" failures="0">
  <properties>
[...]
</properties>
  <testcase name="testAdd" classname="com.JUnitTesting.MathUtilsTest" time="0.118"/>
  <testcase name="testAdd1" classname="com.JUnitTesting.MathUtilsTest" time="0"/>
  <testcase name="testDisabled" classname="com.JUnitTesting.MathUtilsTest" time="0">
    <skipped message="void com.JUnitTesting.MathUtilsTest.testDisabled() is @Disabled"/>
  </testcase>
  <testcase name="testDivide" classname="com.JUnitTesting.MathUtilsTest" time="0.027"/>
  <testcase name="testMultiply" classname="com.JUnitTesting.MathUtilsTest" time="0.009"/>
  <testcase name="testComputeCircleRadius" classname="com.JUnitTesting.MathUtilsTest" time="0">
    <skipped message="Assumption failed: assumption is not true" type="org.opentest4j.TestAbortedException">org.opentest4j.TestAbortedException: Assumption failed: assumption is not true
	at com.JUnitTesting.MathUtilsTest.testComputeCircleRadius(MathUtilsTest.java:170)
</skipped>
    <system-out><![CDATA[Clean Up....
]]></system-out>
  </testcase>
  <testcase name="testPositiveAdd" classname="com.JUnitTesting.MathUtilsTest$addTest" time="0.008"/>
  <testcase name="testNegativeAdd" classname="com.JUnitTesting.MathUtilsTest$addTest" time="0.003"/>
</testsuite>